# JRE version: Java(TM) SE Runtime Environment (8.0_131-b11) (build 1.8.0_131-b11)
# Java VM: Java HotSpot(TM) 64-Bit Server VM (25.131-b11 mixed mode windows-amd64 compressed oops)
Heap:
 PSYoungGen      total 333312K, used 100850K [0x00000000d7000000, 0x00000000f5200000, 0x0000000100000000)
  eden space 310784K, 25% used [0x00000000d7000000,0x00000000dbc7f288,0x00000000e9f80000)
  from space 22528K, 99% used [0x00000000e9f80000,0x00000000eb57d920,0x00000000eb580000)
  to   space 26112K, 0% used [0x00000000f3880000,0x00000000f3880000,0x00000000f5200000)
 ParOldGen       total 79360K, used 23900K [0x0000000085000000, 0x0000000089d80000, 0x00000000d7000000)
  object space 79360K, 30% used [0x0000000085000000,0x00000000867573b0,0x0000000089d80000)
 Metaspace       used 43414K, capacity 44067K, committed 44288K, reserved 1087488K
  class space    used 5415K, capacity 5585K, committed 5632K, reserved 1048576K
GC Heap History (10 events):
Event: 7.993 GC heap before
{Heap before GC invocations=9 (full 1):
 PSYoungGen      total 131072K, used 131059K [0x00000000d7000000, 0x00000000e5a80000, 0x0000000100000000)
  eden space 122368K, 100% used [0x00000000d7000000,0x00000000de780000,0x00000000de780000)
  from space 8704K, 99% used [0x00000000de780000,0x00000000deffcde0,0x00000000df000000)
  to   space 11776K, 0% used [0x00000000e4f00000,0x00000000e4f00000,0x00000000e5a80000)
 ParOldGen       total 43520K, used 9188K [0x0000000085000000, 0x0000000087a80000, 0x00000000d7000000)
  object space 43520K, 21% used [0x0000000085000000,0x00000000858f91c0,0x0000000087a80000)
 Metaspace       used 32377K, capacity 32754K, committed 33152K, reserved 1079296K
  class space    used 4005K, capacity 4102K, committed 4224K, reserved 1048576K
Event: 8.016 GC heap after
Heap after GC invocations=9 (full 1):
 PSYoungGen      total 223232K, used 11747K [0x00000000d7000000, 0x00000000e6780000, 0x0000000100000000)
  eden space 211456K, 0% used [0x00000000d7000000,0x00000000d7000000,0x00000000e3e80000)
  from space 11776K, 99% used [0x00000000e4f00000,0x00000000e5a78de0,0x00000000e5a80000)
  to   space 16896K, 0% used [0x00000000e3e80000,0x00000000e3e80000,0x00000000e4f00000)
 ParOldGen       total 43520K, used 17273K [0x0000000085000000, 0x0000000087a80000, 0x00000000d7000000)
  object space 43520K, 39% used [0x0000000085000000,0x00000000860de4a0,0x0000000087a80000)
 Metaspace       used 32377K, capacity 32754K, committed 33152K, reserved 1079296K
  class space    used 4005K, capacity 4102K, committed 4224K, reserved 1048576K
}
Event: 9.578 GC heap before
{Heap before GC invocations=10 (full 1):
 PSYoungGen      total 223232K, used 223203K [0x00000000d7000000, 0x00000000e6780000, 0x0000000100000000)
  eden space 211456K, 100% used [0x00000000d7000000,0x00000000e3e80000,0x00000000e3e80000)
  from space 11776K, 99% used [0x00000000e4f00000,0x00000000e5a78de0,0x00000000e5a80000)
  to   space 16896K, 0% used [0x00000000e3e80000,0x00000000e3e80000,0x00000000e4f00000)
 ParOldGen       total 43520K, used 17273K [0x0000000085000000, 0x0000000087a80000, 0x00000000d7000000)
  object space 43520K, 39% used [0x0000000085000000,0x00000000860de4a0,0x0000000087a80000)
 Metaspace       used 34583K, capacity 34972K, committed 35200K, reserved 1079296K
  class space    used 4320K, capacity 4429K, committed 4480K, reserved 1048576K
Event: 9.622 GC heap after
Heap after GC invocations=10 (full 1):
 PSYoungGen      total 228352K, used 16894K [0x00000000d7000000, 0x00000000ecc00000, 0x0000000100000000)
  eden space 211456K, 0% used [0x00000000d7000000,0x00000000d7000000,0x00000000e3e80000)
  from space 16896K, 99% used [0x00000000e3e80000,0x00000000e4effb18,0x00000000e4f00000)
  to   space 23040K, 0% used [0x00000000eb580000,0x00000000eb580000,0x00000000ecc00000)
 ParOldGen       total 43520K, used 26420K [0x0000000085000000, 0x0000000087a80000, 0x00000000d7000000)
  object space 43520K, 60% used [0x0000000085000000,0x00000000869cd168,0x0000000087a80000)
 Metaspace       used 34583K, capacity 34972K, committed 35200K, reserved 1079296K
  class space    used 4320K, capacity 4429K, committed 4480K, reserved 1048576K
}
Event: 9.878 GC heap before
{Heap before GC invocations=11 (full 1):
 PSYoungGen      total 228352K, used 50536K [0x00000000d7000000, 0x00000000ecc00000, 0x0000000100000000)
  eden space 211456K, 15% used [0x00000000d7000000,0x00000000d90da5d0,0x00000000e3e80000)
  from space 16896K, 99% used [0x00000000e3e80000,0x00000000e4effb18,0x00000000e4f00000)
  to   space 23040K, 0% used [0x00000000eb580000,0x00000000eb580000,0x00000000ecc00000)
 ParOldGen       total 43520K, used 26420K [0x0000000085000000, 0x0000000087a80000, 0x00000000d7000000)
  object space 43520K, 60% used [0x0000000085000000,0x00000000869cd168,0x0000000087a80000)
 Metaspace       used 34905K, capacity 35272K, committed 35456K, reserved 1081344K
  class space    used 4356K, capacity 4463K, committed 4480K, reserved 1048576K
Event: 9.894 GC heap after
Heap after GC invocations=11 (full 1):
 PSYoungGen      total 333824K, used 7032K [0x00000000d7000000, 0x00000000ecc80000, 0x0000000100000000)
  eden space 310784K, 0% used [0x00000000d7000000,0x00000000d7000000,0x00000000e9f80000)
  from space 23040K, 30% used [0x00000000eb580000,0x00000000ebc5e3b0,0x00000000ecc00000)
  to   space 22528K, 0% used [0x00000000e9f80000,0x00000000e9f80000,0x00000000eb580000)
 ParOldGen       total 43520K, used 35970K [0x0000000085000000, 0x0000000087a80000, 0x00000000d7000000)
  object space 43520K, 82% used [0x0000000085000000,0x0000000087320b00,0x0000000087a80000)
 Metaspace       used 34905K, capacity 35272K, committed 35456K, reserved 1081344K
  class space    used 4356K, capacity 4463K, committed 4480K, reserved 1048576K
}
Event: 9.894 GC heap before
{Heap before GC invocations=12 (full 2):
 PSYoungGen      total 333824K, used 7032K [0x00000000d7000000, 0x00000000ecc80000, 0x0000000100000000)
  eden space 310784K, 0% used [0x00000000d7000000,0x00000000d7000000,0x00000000e9f80000)
  from space 23040K, 30% used [0x00000000eb580000,0x00000000ebc5e3b0,0x00000000ecc00000)
  to   space 22528K, 0% used [0x00000000e9f80000,0x00000000e9f80000,0x00000000eb580000)
 ParOldGen       total 43520K, used 35970K [0x0000000085000000, 0x0000000087a80000, 0x00000000d7000000)
  object space 43520K, 82% used [0x0000000085000000,0x0000000087320b00,0x0000000087a80000)
 Metaspace       used 34905K, capacity 35272K, committed 35456K, reserved 1081344K
  class space    used 4356K, capacity 4463K, committed 4480K, reserved 1048576K
Event: 10.018 GC heap after
Heap after GC invocations=12 (full 2):
 PSYoungGen      total 333824K, used 0K [0x00000000d7000000, 0x00000000ecc80000, 0x0000000100000000)
  eden space 310784K, 0% used [0x00000000d7000000,0x00000000d7000000,0x00000000e9f80000)
  from space 23040K, 0% used [0x00000000eb580000,0x00000000eb580000,0x00000000ecc00000)
  to   space 22528K, 0% used [0x00000000e9f80000,0x00000000e9f80000,0x00000000eb580000)
 ParOldGen       total 79360K, used 23500K [0x0000000085000000, 0x0000000089d80000, 0x00000000d7000000)
  object space 79360K, 29% used [0x0000000085000000,0x00000000866f3348,0x0000000089d80000)
 Metaspace       used 34905K, capacity 35272K, committed 35456K, reserved 1081344K
  class space    used 4356K, capacity 4463K, committed 4480K, reserved 1048576K
}
Event: 17.659 GC heap before
{Heap before GC invocations=13 (full 2):
 PSYoungGen      total 333824K, used 310784K [0x00000000d7000000, 0x00000000ecc80000, 0x0000000100000000)
  eden space 310784K, 100% used [0x00000000d7000000,0x00000000e9f80000,0x00000000e9f80000)
  from space 23040K, 0% used [0x00000000eb580000,0x00000000eb580000,0x00000000ecc00000)
  to   space 22528K, 0% used [0x00000000e9f80000,0x00000000e9f80000,0x00000000eb580000)
 ParOldGen       total 79360K, used 23500K [0x0000000085000000, 0x0000000089d80000, 0x00000000d7000000)
  object space 79360K, 29% used [0x0000000085000000,0x00000000866f3348,0x0000000089d80000)
 Metaspace       used 37506K, capacity 38056K, committed 38400K, reserved 1083392K
  class space    used 4637K, capacity 4743K, committed 4864K, reserved 1048576K
Event: 17.695 GC heap after
Heap after GC invocations=13 (full 2):
 PSYoungGen      total 333312K, used 22518K [0x00000000d7000000, 0x00000000f5200000, 0x0000000100000000)
  eden space 310784K, 0% used [0x00000000d7000000,0x00000000d7000000,0x00000000e9f80000)
  from space 22528K, 99% used [0x00000000e9f80000,0x00000000eb57d920,0x00000000eb580000)
  to   space 26112K, 0% used [0x00000000f3880000,0x00000000f3880000,0x00000000f5200000)
 ParOldGen       total 79360K, used 23900K [0x0000000085000000, 0x0000000089d80000, 0x00000000d7000000)
  object space 79360K, 30% used [0x0000000085000000,0x00000000867573b0,0x0000000089d80000)
 Metaspace       used 37506K, capacity 38056K, committed 38400K, reserved 1083392K
  class space    used 4637K, capacity 4743K, committed 4864K, reserved 1048576K
}

